<?xml version="1.0" encoding="UTF-8"?>
<!-- Generated by org.testng.reporters.JUnitXMLReporter -->
<testsuite ignored="4" hostname="Blashchuks-MacBook-Pro.local" failures="0" tests="3" name="First run" time="0.019" errors="0" timestamp="2023-02-26T12:38:21 EET">
  <testcase classname="Calculation" name="subtraction" time="0.004"/>
  <testcase classname="Calculation" name="subtraction" time="0.001"/>
  <testcase classname="Calculation" name="subtraction" time="0.0"/>
  <testcase classname="Calculation" name="multiplication" time="0.0">
    <ignored/>
  </testcase> <!-- multiplication -->
  <testcase classname="Calculation" name="adding" time="0.0">
    <ignored/>
  </testcase> <!-- adding -->
  <testcase classname="Calculation" name="preparation" time="0.0">
    <ignored/>
  </testcase> <!-- preparation -->
  <testcase classname="Calculation" name="division" time="0.0">
    <ignored/>
  </testcase> <!-- division -->
</testsuite> <!-- First run -->
