<?xml version="1.0" encoding="UTF-8"?>
<testng-results ignored="2" total="3" passed="1" failed="0" skipped="0">
  <reporter-output>
  </reporter-output>
  <suite started-at="2023-04-15T19:01:21 EEST" name="All Test Suite" finished-at="2023-04-15T19:02:08 EEST" duration-ms="46232">
    <groups>
      <group name="prices">
        <method signature="RozetkaTest.checkPrices()[pri:0, instance:finalAutomationFramework.tests.RozetkaTest@847f3e7]" name="checkPrices" class="finalAutomationFramework.tests.RozetkaTest"/>
      </group> <!-- prices -->
    </groups>
    <test started-at="2023-04-15T19:01:21 EEST" name="First run" finished-at="2023-04-15T19:02:08 EEST" duration-ms="46232">
      <class name="finalAutomationFramework.tests.RozetkaTest">
        <test-method is-config="true" signature="initBrowser()[pri:0, instance:finalAutomationFramework.tests.RozetkaTest@847f3e7]" started-at="2023-04-15T19:01:21 EEST" name="initBrowser" finished-at="2023-04-15T19:01:33 EEST" duration-ms="11302" status="PASS">
          <reporter-output>
          </reporter-output>
        </test-method> <!-- initBrowser -->
        <test-method is-config="true" signature="openRztk()[pri:0, instance:finalAutomationFramework.tests.RozetkaTest@847f3e7]" started-at="2023-04-15T19:01:33 EEST" name="openRztk" finished-at="2023-04-15T19:01:45 EEST" depends-on-methods="finalAutomationFramework.tests.BaseTest.initBrowser" duration-ms="12633" status="PASS">
          <reporter-output>
          </reporter-output>
        </test-method> <!-- openRztk -->
        <test-method signature="checkPrices()[pri:0, instance:finalAutomationFramework.tests.RozetkaTest@847f3e7]" started-at="2023-04-15T19:01:45 EEST" name="checkPrices" description="Check that phones filtering by price works correct." finished-at="2023-04-15T19:02:07 EEST" duration-ms="21840" status="PASS">
          <reporter-output>
          </reporter-output>
        </test-method> <!-- checkPrices -->
        <test-method is-config="true" signature="tearDown()[pri:0, instance:finalAutomationFramework.tests.RozetkaTest@847f3e7]" started-at="2023-04-15T19:02:07 EEST" name="tearDown" finished-at="2023-04-15T19:02:08 EEST" duration-ms="199" status="PASS">
          <reporter-output>
          </reporter-output>
        </test-method> <!-- tearDown -->
      </class> <!-- finalAutomationFramework.tests.RozetkaTest -->
    </test> <!-- First run -->
  </suite> <!-- All Test Suite -->
</testng-results>
