<?xml version="1.0" encoding="UTF-8"?>
<!-- Generated by org.testng.reporters.JUnitXMLReporter -->
<testsuite ignored="2" hostname="Blashchuks-MacBook-Pro.local" failures="0" tests="1" name="First run" time="46.232" errors="0" timestamp="2023-04-15T19:02:08 EEST">
  <testcase classname="finalAutomationFramework.tests.RozetkaTest" name="checkPrices" time="21.84"/>
  <testcase classname="finalAutomationFramework.tests.RozetkaTest" name="checkParticularScreenSize" time="0.0">
    <ignored/>
  </testcase> <!-- checkParticularScreenSize -->
  <testcase classname="finalAutomationFramework.tests.RozetkaTest" name="checkScreenSize" time="0.0">
    <ignored/>
  </testcase> <!-- checkScreenSize -->
</testsuite> <!-- First run -->
