<?xml version="1.0" encoding="UTF-8"?>
<!-- Generated by org.testng.reporters.JUnitXMLReporter -->
<testsuite ignored="0" hostname="Blashchuks-MacBook-Pro.local" failures="0" tests="2" name="First run" time="93.413" errors="0" timestamp="2023-04-14T23:09:36 EEST">
  <testcase classname="finalAutomationFramework.tests.RozetkaTest" name="checkPrices" time="22.848"/>
  <testcase classname="finalAutomationFramework.tests.RozetkaTest" name="checkScreenSize" time="21.719"/>
</testsuite> <!-- First run -->
