<?xml version="1.0" encoding="UTF-8"?>
<testng-results ignored="4" total="7" passed="3" failed="0" skipped="0">
  <reporter-output>
  </reporter-output>
  <suite started-at="2023-02-26T12:03:49 EET" name="All Test Suite" finished-at="2023-02-26T12:03:49 EET" duration-ms="18">
    <groups>
    </groups>
    <test started-at="2023-02-26T12:03:49 EET" name="First run" finished-at="2023-02-26T12:03:49 EET" duration-ms="18">
      <class name="Calculation">
        <test-method signature="adding(int,int,int)[pri:3, instance:Calculation@2145b572]" started-at="2023-02-26T12:03:49 EET" name="adding" data-provider="getDataForAdd" finished-at="2023-02-26T12:03:49 EET" duration-ms="4" status="PASS">
          <params>
            <param index="0">
              <value>
                <![CDATA[1]]>
              </value>
            </param>
            <param index="1">
              <value>
                <![CDATA[2]]>
              </value>
            </param>
            <param index="2">
              <value>
                <![CDATA[3]]>
              </value>
            </param>
          </params>
          <reporter-output>
          </reporter-output>
        </test-method> <!-- adding -->
        <test-method signature="adding(int,int,int)[pri:3, instance:Calculation@2145b572]" started-at="2023-02-26T12:03:49 EET" name="adding" data-provider="getDataForAdd" finished-at="2023-02-26T12:03:49 EET" duration-ms="0" status="PASS">
          <params>
            <param index="0">
              <value>
                <![CDATA[2]]>
              </value>
            </param>
            <param index="1">
              <value>
                <![CDATA[4]]>
              </value>
            </param>
            <param index="2">
              <value>
                <![CDATA[6]]>
              </value>
            </param>
          </params>
          <reporter-output>
          </reporter-output>
        </test-method> <!-- adding -->
        <test-method signature="adding(int,int,int)[pri:3, instance:Calculation@2145b572]" started-at="2023-02-26T12:03:49 EET" name="adding" data-provider="getDataForAdd" finished-at="2023-02-26T12:03:49 EET" duration-ms="0" status="PASS">
          <params>
            <param index="0">
              <value>
                <![CDATA[9]]>
              </value>
            </param>
            <param index="1">
              <value>
                <![CDATA[0]]>
              </value>
            </param>
            <param index="2">
              <value>
                <![CDATA[9]]>
              </value>
            </param>
          </params>
          <reporter-output>
          </reporter-output>
        </test-method> <!-- adding -->
      </class> <!-- Calculation -->
    </test> <!-- First run -->
  </suite> <!-- All Test Suite -->
</testng-results>
