<?xml version="1.0" encoding="UTF-8"?>
<testsuite xmlns:xsi="http://www.w3.org/2001/XMLSchema-instance" xsi:noNamespaceSchemaLocation="https://maven.apache.org/surefire/maven-surefire-plugin/xsd/surefire-test-report-3.0.xsd" version="3.0" name="TestSuite" time="0.232" tests="3" errors="0" skipped="0" failures="0">
  <properties>
[...]
</properties>
  <testcase name="adding[1, 2, 3](1)" classname="Calculation" time="0.002">
    <system-out><![CDATA[Testing starts.
Testing of adding starts.
Testing of adding is completed.
]]></system-out>
  </testcase>
  <testcase name="adding[2, 4, 6](2)" classname="Calculation" time="0">
    <system-out><![CDATA[Testing of adding starts.
Testing of adding is completed.
]]></system-out>
  </testcase>
  <testcase name="adding[9, 0, 9](3)" classname="Calculation" time="0">
    <system-out><![CDATA[Testing of adding starts.
Testing of adding is completed.
]]></system-out>
  </testcase>
</testsuite>