<?xml version="1.0" encoding="UTF-8"?>
<testng-results ignored="4" total="7" passed="3" failed="0" skipped="0">
  <reporter-output>
  </reporter-output>
  <suite started-at="2023-02-26T12:38:21 EET" name="All Test Suite" finished-at="2023-02-26T12:38:21 EET" duration-ms="19">
    <groups>
    </groups>
    <test started-at="2023-02-26T12:38:21 EET" name="First run" finished-at="2023-02-26T12:38:21 EET" duration-ms="19">
      <class name="Calculation">
        <test-method signature="subtraction(int,int,int)[pri:5, instance:Calculation@15eb5ee5]" started-at="2023-02-26T12:38:21 EET" name="subtraction" data-provider="getDataForSubtract" finished-at="2023-02-26T12:38:21 EET" duration-ms="4" status="PASS">
          <params>
            <param index="0">
              <value>
                <![CDATA[10]]>
              </value>
            </param>
            <param index="1">
              <value>
                <![CDATA[-8]]>
              </value>
            </param>
            <param index="2">
              <value>
                <![CDATA[18]]>
              </value>
            </param>
          </params>
          <reporter-output>
          </reporter-output>
        </test-method> <!-- subtraction -->
        <test-method signature="subtraction(int,int,int)[pri:5, instance:Calculation@15eb5ee5]" started-at="2023-02-26T12:38:21 EET" name="subtraction" data-provider="getDataForSubtract" finished-at="2023-02-26T12:38:21 EET" duration-ms="1" status="PASS">
          <params>
            <param index="0">
              <value>
                <![CDATA[0]]>
              </value>
            </param>
            <param index="1">
              <value>
                <![CDATA[9]]>
              </value>
            </param>
            <param index="2">
              <value>
                <![CDATA[-9]]>
              </value>
            </param>
          </params>
          <reporter-output>
          </reporter-output>
        </test-method> <!-- subtraction -->
        <test-method signature="subtraction(int,int,int)[pri:5, instance:Calculation@15eb5ee5]" started-at="2023-02-26T12:38:21 EET" name="subtraction" data-provider="getDataForSubtract" finished-at="2023-02-26T12:38:21 EET" duration-ms="0" status="PASS">
          <params>
            <param index="0">
              <value>
                <![CDATA[123]]>
              </value>
            </param>
            <param index="1">
              <value>
                <![CDATA[11]]>
              </value>
            </param>
            <param index="2">
              <value>
                <![CDATA[112]]>
              </value>
            </param>
          </params>
          <reporter-output>
          </reporter-output>
        </test-method> <!-- subtraction -->
      </class> <!-- Calculation -->
    </test> <!-- First run -->
  </suite> <!-- All Test Suite -->
</testng-results>
